  Generate moc_predefs.h
  Uic'ing mainwindow.ui...
  Rcc'ing resource.qrc...
  Moc'ing mainwindow.h...
cl : 命令行 warning D9002: 忽略未知选项“-O0”
cl : 命令行 warning D9002: 忽略未知选项“-O0”
  basicbrdfmaterial.cpp
cl : 命令行 warning D9002: 忽略未知选项“-O0”
  bvh.cpp
cl : 命令行 warning D9002: 忽略未知选项“-O0”
  cornellbox.cpp
cl : 命令行 warning D9002: 忽略未知选项“-O0”
  cube.cpp
cl : 命令行 warning D9002: 忽略未知选项“-O0”
  dielectricMaterial.cpp
cl : 命令行 warning D9002: 忽略未知选项“-O0”
  directionGenerator.cpp
cl : 命令行 warning D9002: 忽略未知选项“-O0”
  disneyMatSpheres.cpp
cl : 命令行 warning D9002: 忽略未知选项“-O0”
  disneybrdfmaterial.cpp
c:\users\zd-xiao\desktop\toypbrt\core\basestructure.h(5): fatal error C1083: 无法打开包括文件: “glm.hpp”: No such file or directory (编译源文件 materials\basicbrdfmaterial.cpp)
c:\users\zd-xiao\desktop\toypbrt\core\basestructure.h(5): fatal error C1083: 无法打开包括文件: “glm.hpp”: No such file or directory (编译源文件 accelerate\bvh.cpp)
c:\users\zd-xiao\desktop\toypbrt\core\basestructure.h(5): fatal error C1083: 无法打开包括文件: “glm.hpp”: No such file or directory (编译源文件 materials\disneybrdfmaterial.cpp)
  glassBunny.cpp
  main.cpp
c:\users\zd-xiao\desktop\toypbrt\core\basestructure.h(5): fatal error C1083: 无法打开包括文件: “glm.hpp”: No such file or directory (编译源文件 primitive\cube.cpp)
c:\users\zd-xiao\desktop\toypbrt\core\basestructure.h(5): fatal error C1083: 无法打开包括文件: “glm.hpp”: No such file or directory (编译源文件 materials\dielectricMaterial.cpp)
  mainwindow.cpp
  model.cpp
  objloader.cpp
c:\users\zd-xiao\desktop\toypbrt\core\basestructure.h(5): fatal error C1083: 无法打开包括文件: “glm.hpp”: No such file or directory (编译源文件 core\directionGenerator.cpp)
c:\users\zd-xiao\desktop\toypbrt\core\basestructure.h(5): fatal error C1083: 无法打开包括文件: “glm.hpp”: No such file or directory (编译源文件 testScenes\cornellbox.cpp)
  ogldebugwindow.cpp
  primitiveList.cpp
c:\users\zd-xiao\desktop\toypbrt\core\basestructure.h(5): fatal error C1083: 无法打开包括文件: “glm.hpp”: No such file or directory (编译源文件 testScenes\disneyMatSpheres.cpp)
  rectangle.cpp
c:\users\zd-xiao\desktop\toypbrt\core\basestructure.h(5): fatal error C1083: 无法打开包括文件: “glm.hpp”: No such file or directory (编译源文件 modelLoader\objloader.cpp)
  refractcheck.cpp
c:\users\zd-xiao\desktop\toypbrt\core\basestructure.h(5): fatal error C1083: 无法打开包括文件: “glm.hpp”: No such file or directory (编译源文件 testScenes\glassBunny.cpp)
c:\users\zd-xiao\desktop\toypbrt\core\basestructure.h(5): fatal error C1083: 无法打开包括文件: “glm.hpp”: No such file or directory (编译源文件 core\primitiveList.cpp)
  scene.cpp
  simplematerial.cpp
c:\users\zd-xiao\desktop\toypbrt\core\basestructure.h(5): fatal error C1083: 无法打开包括文件: “glm.hpp”: No such file or directory (编译源文件 primitive\model.cpp)
  sphere.cpp
c:\users\zd-xiao\desktop\toypbrt\core\basestructure.h(5): fatal error C1083: 无法打开包括文件: “glm.hpp”: No such file or directory (编译源文件 primitive\rectangle.cpp)
  stb_image.cpp
c:\users\zd-xiao\desktop\toypbrt\core\basestructure.h(5): fatal error C1083: 无法打开包括文件: “glm.hpp”: No such file or directory (编译源文件 testScenes\refractcheck.cpp)
  triangle.cpp
c:\users\zd-xiao\desktop\toypbrt\core\basestructure.h(5): fatal error C1083: 无法打开包括文件: “glm.hpp”: No such file or directory (编译源文件 materials\simplematerial.cpp)
c:\users\zd-xiao\desktop\toypbrt\core\basestructure.h(5): fatal error C1083: 无法打开包括文件: “glm.hpp”: No such file or directory (编译源文件 primitive\sphere.cpp)
c:\users\zd-xiao\desktop\toypbrt\core\basestructure.h(5): fatal error C1083: 无法打开包括文件: “glm.hpp”: No such file or directory (编译源文件 core\scene.cpp)
c:\users\zd-xiao\desktop\toypbrt\core\basestructure.h(5): fatal error C1083: 无法打开包括文件: “glm.hpp”: No such file or directory (编译源文件 primitive\triangle.cpp)
c:\users\zd-xiao\desktop\toypbrt\core\basestructure.h(5): fatal error C1083: 无法打开包括文件: “glm.hpp”: No such file or directory (编译源文件 main.cpp)
c:\users\zd-xiao\desktop\toypbrt\core\basestructure.h(5): fatal error C1083: 无法打开包括文件: “glm.hpp”: No such file or directory (编译源文件 mainwindow.cpp)
c:\users\zd-xiao\desktop\toypbrt\debugger\ogldebugwindow.cpp(33): warning C4305: “参数”: 从“double”到“float”截断
c:\users\zd-xiao\desktop\toypbrt\debugger\ogldebugwindow.cpp(93): warning C4100: “h”: 未引用的形参
c:\users\zd-xiao\desktop\toypbrt\debugger\ogldebugwindow.cpp(93): warning C4100: “w”: 未引用的形参
